#
# A fatal error has been detected by the Java Runtime Environment:
#
#  Internal Error (javaClasses.cpp:136), pid=18152, tid=10864
#  fatal error: Invalid layout of preloaded class
#
# JRE version:  (7.0_45-b18) (build )
# Java VM: Java HotSpot(TM) 64-Bit Server VM (24.45-b08 mixed mode windows-amd64 compressed oops)
# Failed to write core dump. Minidumps are not enabled by default on client versions of Windows
#
# If you would like to submit a bug report, please visit:
#   http://bugreport.sun.com/bugreport/crash.jsp
#

---------------  T H R E A D  ---------------

Current thread (0x000000000261e000):  JavaThread "Unknown thread" [_thread_in_vm, id=10864, stack(0x0000000002850000,0x0000000002950000)]

Stack: [0x0000000002850000,0x0000000002950000]

---------------  P R O C E S S  ---------------

Java Threads: ( => current thread )

Other Threads:

=>0x000000000261e000 (exited) JavaThread "Unknown thread" [_thread_in_vm, id=10864, stack(0x0000000002850000,0x0000000002950000)]

VM state:not at safepoint (not fully initialized)

VM Mutex/Monitor currently owned by a thread: None

GC Heap History (0 events):
No events

Deoptimization events (0 events):
No events

Internal exceptions (0 events):
No events

Events (10 events):
Event: 0.015 loading class 0x00000000024a0df0 done
Event: 0.015 loading class 0x00000000024a0810 done
Event: 0.015 loading class 0x00000000024a07f0
Event: 0.015 loading class 0x00000000024a88f0
Event: 0.015 loading class 0x00000000024a88f0 done
Event: 0.015 loading class 0x00000000024a8920
Event: 0.015 loading class 0x00000000024a8920 done
Event: 0.015 loading class 0x00000000024a8950
Event: 0.015 loading class 0x00000000024a8950 done
Event: 0.015 loading class 0x00000000024a07f0 done


Dynamic libraries:
0x000000013f5d0000 - 0x000000013f603000 	D:\Program Files\Java\jdk1.7.0_45\bin\javaw.exe
0x0000000076f70000 - 0x0000000077119000 	C:\Windows\SYSTEM32\ntdll.dll
0x0000000076bf0000 - 0x0000000076d0f000 	C:\Windows\system32\kernel32.dll
0x000007fefd6f0000 - 0x000007fefd75c000 	C:\Windows\system32\KERNELBASE.dll
0x000007fefe800000 - 0x000007fefe8db000 	C:\Windows\system32\ADVAPI32.dll
0x000007fefeeb0000 - 0x000007fefef4f000 	C:\Windows\system32\msvcrt.dll
0x000007fefe530000 - 0x000007fefe54f000 	C:\Windows\SYSTEM32\sechost.dll
0x000007feff020000 - 0x000007feff14d000 	C:\Windows\system32\RPCRT4.dll
0x0000000076e70000 - 0x0000000076f6a000 	C:\Windows\system32\USER32.dll
0x000007fefec10000 - 0x000007fefec77000 	C:\Windows\system32\GDI32.dll
0x000007fefec80000 - 0x000007fefec8e000 	C:\Windows\system32\LPK.dll
0x000007fefe8e0000 - 0x000007fefe9a9000 	C:\Windows\system32\USP10.dll
0x000007fefc000000 - 0x000007fefc1f4000 	C:\Windows\WinSxS\amd64_microsoft.windows.common-controls_6595b64144ccf1df_6.0.7601.18837_none_fa3b1e3d17594757\COMCTL32.dll
0x000007feff200000 - 0x000007feff271000 	C:\Windows\system32\SHLWAPI.dll
0x000007fefec90000 - 0x000007fefecbe000 	C:\Windows\system32\IMM32.DLL
0x000007fefecc0000 - 0x000007fefedc9000 	C:\Windows\system32\MSCTF.dll
0x000000006dc10000 - 0x000000006dce2000 	D:\Program Files\Java\jdk1.7.0_45\jre\bin\msvcr100.dll
0x000000005b4b0000 - 0x000000005bc79000 	D:\Program Files\Java\jdk1.7.0_45\jre\bin\server\jvm.dll
0x000007fefa250000 - 0x000007fefa259000 	C:\Windows\system32\WSOCK32.dll
0x000007fefef50000 - 0x000007fefef9d000 	C:\Windows\system32\WS2_32.dll
0x000007feff1f0000 - 0x000007feff1f8000 	C:\Windows\system32\NSI.dll
0x000007fefaf20000 - 0x000007fefaf5b000 	C:\Windows\system32\WINMM.dll
0x0000000077130000 - 0x0000000077137000 	C:\Windows\system32\PSAPI.DLL
0x0000000073930000 - 0x000000007393f000 	D:\Program Files\Java\jdk1.7.0_45\jre\bin\verify.dll
0x0000000071cf0000 - 0x0000000071d18000 	D:\Program Files\Java\jdk1.7.0_45\jre\bin\java.dll
0x00000000720b0000 - 0x00000000720c5000 	D:\Program Files\Java\jdk1.7.0_45\jre\bin\zip.dll

VM Arguments:
jvm_args: -Dfile.encoding=UTF-8 -Xbootclasspath:D:\android-sdk_r24.0.2-windows\android-sdk-windows\platforms\android-19\android.jar 
java_command: com.mawujun.plugins.baiduMapAll.MD5
Launcher Type: SUN_STANDARD

Environment Variables:
JAVA_HOME=D:\Program Files\Java\jdk1.7.0_45
PATH=D:/Program Files/Java/jdk1.7.0_45/bin/../jre/bin/server;D:/Program Files/Java/jdk1.7.0_45/bin/../jre/bin;D:/Program Files/Java/jdk1.7.0_45/bin/../jre/lib/amd64;D:\android-sdk_r24.0.2-windows\android-sdk-windows\platform-tools;D:\android-sdk_r24.0.2-windows\android-sdk-windows\tools;D:\Program Files\Java\jdk1.7.0_45\bin;C:\Program Files (x86)\Common Files\NetSarang;D:\apache-ant-1.9.4\bin;D:\maven\apache-maven-3.2.1\bin;D:\app\mawujun\product\11.2.0\client_1;D:\app\mawujun\product\11.2.0\dbhome_1\bin;C:\Windows\system32;C:\Windows;C:\Windows\System32\Wbem;C:\Windows\System32\WindowsPowerShell\v1.0\;D:\Program Files\TortoiseSVN\bin;D:\Program Files\nodejs\;C:\Users\mawujun.YOUNGOR\AppData\Roaming\npm;D:\android\eclipse;
USERNAME=mawujun
OS=Windows_NT
PROCESSOR_IDENTIFIER=Intel64 Family 6 Model 42 Stepping 7, GenuineIntel



---------------  S Y S T E M  ---------------

OS: Windows 7 , 64 bit Build 7601 Service Pack 1

CPU:total 4 (4 cores per cpu, 1 threads per core) family 6 model 42 stepping 7, cmov, cx8, fxsr, mmx, sse, sse2, sse3, ssse3, sse4.1, sse4.2, popcnt, avx, tsc, tscinvbit

Memory: 4k page, physical 10305948k(1307568k free), swap 20610056k(3834748k free)

vm_info: Java HotSpot(TM) 64-Bit Server VM (24.45-b08) for windows-amd64 JRE (1.7.0_45-b18), built on Oct  8 2013 05:47:22 by "java_re" with unknown MS VC++:1600

time: Wed Oct 28 15:25:24 2015
elapsed time: 0 seconds

